<?xml version="1.0" encoding="UTF-8"?>
<testsuite name="com.example.testingdemo.TestingDemoApplicationTests" tests="1" skipped="0" failures="0" errors="0" timestamp="2022-01-31T05:32:01" hostname="SHAXZOD" time="0.22">
  <properties/>
  <testcase name="contextLoads()" classname="com.example.testingdemo.TestingDemoApplicationTests" time="0.22"/>
  <system-out><![CDATA[10:31:56.591 [Test worker] DEBUG org.springframework.test.context.BootstrapUtils - Instantiating CacheAwareContextLoaderDelegate from class [org.springframework.test.context.cache.DefaultCacheAwareContextLoaderDelegate]
10:31:56.606 [Test worker] DEBUG org.springframework.test.context.BootstrapUtils - Instantiating BootstrapContext using constructor [public org.springframework.test.context.support.DefaultBootstrapContext(java.lang.Class,org.springframework.test.context.CacheAwareContextLoaderDelegate)]
10:31:56.654 [Test worker] DEBUG org.springframework.test.context.BootstrapUtils - Instantiating TestContextBootstrapper for test class [com.example.testingdemo.TestingDemoApplicationTests] from class [org.springframework.boot.test.context.SpringBootTestContextBootstrapper]
10:31:56.679 [Test worker] INFO org.springframework.boot.test.context.SpringBootTestContextBootstrapper - Neither @ContextConfiguration nor @ContextHierarchy found for test class [com.example.testingdemo.TestingDemoApplicationTests], using SpringBootContextLoader
10:31:56.686 [Test worker] DEBUG org.springframework.test.context.support.AbstractContextLoader - Did not detect default resource location for test class [com.example.testingdemo.TestingDemoApplicationTests]: class path resource [com/example/testingdemo/TestingDemoApplicationTests-context.xml] does not exist
10:31:56.688 [Test worker] DEBUG org.springframework.test.context.support.AbstractContextLoader - Did not detect default resource location for test class [com.example.testingdemo.TestingDemoApplicationTests]: class path resource [com/example/testingdemo/TestingDemoApplicationTestsContext.groovy] does not exist
10:31:56.689 [Test worker] INFO org.springframework.test.context.support.AbstractContextLoader - Could not detect default resource locations for test class [com.example.testingdemo.TestingDemoApplicationTests]: no resource found for suffixes {-context.xml, Context.groovy}.
10:31:56.691 [Test worker] INFO org.springframework.test.context.support.AnnotationConfigContextLoaderUtils - Could not detect default configuration classes for test class [com.example.testingdemo.TestingDemoApplicationTests]: TestingDemoApplicationTests does not declare any static, non-private, non-final, nested classes annotated with @Configuration.
10:31:56.807 [Test worker] DEBUG org.springframework.test.context.support.ActiveProfilesUtils - Could not find an 'annotation declaring class' for annotation type [org.springframework.test.context.ActiveProfiles] and class [com.example.testingdemo.TestingDemoApplicationTests]
10:31:56.889 [Test worker] DEBUG org.springframework.context.annotation.ClassPathScanningCandidateComponentProvider - Identified candidate component class: file [D:\SHAXZOD\Programmist\projects\Testing demo\build\classes\java\main\com\example\testingdemo\TestingDemoApplication.class]
10:31:56.891 [Test worker] INFO org.springframework.boot.test.context.SpringBootTestContextBootstrapper - Found @SpringBootConfiguration com.example.testingdemo.TestingDemoApplication for test class com.example.testingdemo.TestingDemoApplicationTests
10:31:56.998 [Test worker] DEBUG org.springframework.boot.test.context.SpringBootTestContextBootstrapper - @TestExecutionListeners is not present for class [com.example.testingdemo.TestingDemoApplicationTests]: using defaults.
10:31:57.004 [Test worker] INFO org.springframework.boot.test.context.SpringBootTestContextBootstrapper - Loaded default TestExecutionListener class names from location [META-INF/spring.factories]: [org.springframework.boot.test.autoconfigure.restdocs.RestDocsTestExecutionListener, org.springframework.boot.test.autoconfigure.web.client.MockRestServiceServerResetTestExecutionListener, org.springframework.boot.test.autoconfigure.web.servlet.MockMvcPrintOnlyOnFailureTestExecutionListener, org.springframework.boot.test.autoconfigure.web.servlet.WebDriverTestExecutionListener, org.springframework.boot.test.autoconfigure.webservices.client.MockWebServiceServerTestExecutionListener, org.springframework.boot.test.mock.mockito.MockitoTestExecutionListener, org.springframework.boot.test.mock.mockito.ResetMocksTestExecutionListener, org.springframework.test.context.web.ServletTestExecutionListener, org.springframework.test.context.support.DirtiesContextBeforeModesTestExecutionListener, org.springframework.test.context.event.ApplicationEventsTestExecutionListener, org.springframework.test.context.support.DependencyInjectionTestExecutionListener, org.springframework.test.context.support.DirtiesContextTestExecutionListener, org.springframework.test.context.transaction.TransactionalTestExecutionListener, org.springframework.test.context.jdbc.SqlScriptsTestExecutionListener, org.springframework.test.context.event.EventPublishingTestExecutionListener]
10:31:57.034 [Test worker] INFO org.springframework.boot.test.context.SpringBootTestContextBootstrapper - Using TestExecutionListeners: [org.springframework.test.context.web.ServletTestExecutionListener@2a551a63, org.springframework.test.context.support.DirtiesContextBeforeModesTestExecutionListener@1a6f5124, org.springframework.test.context.event.ApplicationEventsTestExecutionListener@1edb61b1, org.springframework.boot.test.mock.mockito.MockitoTestExecutionListener@ec2bf82, org.springframework.boot.test.autoconfigure.SpringBootDependencyInjectionTestExecutionListener@cc62a3b, org.springframework.test.context.support.DirtiesContextTestExecutionListener@6cc0bcf6, org.springframework.test.context.transaction.TransactionalTestExecutionListener@29539e36, org.springframework.test.context.jdbc.SqlScriptsTestExecutionListener@32f61a31, org.springframework.test.context.event.EventPublishingTestExecutionListener@f5c79a6, org.springframework.boot.test.autoconfigure.restdocs.RestDocsTestExecutionListener@669253b7, org.springframework.boot.test.autoconfigure.web.client.MockRestServiceServerResetTestExecutionListener@5305c37d, org.springframework.boot.test.autoconfigure.web.servlet.MockMvcPrintOnlyOnFailureTestExecutionListener@51a06cbe, org.springframework.boot.test.autoconfigure.web.servlet.WebDriverTestExecutionListener@3dddbe65, org.springframework.boot.test.autoconfigure.webservices.client.MockWebServiceServerTestExecutionListener@49a64d82, org.springframework.boot.test.mock.mockito.ResetMocksTestExecutionListener@344561e0]
10:31:57.039 [Test worker] DEBUG org.springframework.test.context.support.AbstractDirtiesContextTestExecutionListener - Before test class: context [DefaultTestContext@30c0ccff testClass = TestingDemoApplicationTests, testInstance = [null], testMethod = [null], testException = [null], mergedContextConfiguration = [WebMergedContextConfiguration@581d969c testClass = TestingDemoApplicationTests, locations = '{}', classes = '{class com.example.testingdemo.TestingDemoApplication}', contextInitializerClasses = '[]', activeProfiles = '{}', propertySourceLocations = '{}', propertySourceProperties = '{org.springframework.boot.test.context.SpringBootTestContextBootstrapper=true}', contextCustomizers = set[org.springframework.boot.test.autoconfigure.actuate.metrics.MetricsExportContextCustomizerFactory$DisableMetricExportContextCustomizer@39ad977d, org.springframework.boot.test.autoconfigure.properties.PropertyMappingContextCustomizer@0, org.springframework.boot.test.autoconfigure.web.servlet.WebDriverContextCustomizerFactory$Customizer@665df3c6, org.springframework.boot.test.context.filter.ExcludeFilterContextCustomizer@5c00384f, org.springframework.boot.test.json.DuplicateJsonObjectContextCustomizerFactory$DuplicateJsonObjectContextCustomizer@62e6b5c8, org.springframework.boot.test.mock.mockito.MockitoContextCustomizer@0, org.springframework.boot.test.web.client.TestRestTemplateContextCustomizer@2313052e, org.springframework.boot.test.context.SpringBootTestArgs@1, org.springframework.boot.test.context.SpringBootTestWebEnvironment@4bff7da0], resourceBasePath = 'src/main/webapp', contextLoader = 'org.springframework.boot.test.context.SpringBootContextLoader', parent = [null]], attributes = map['org.springframework.test.context.web.ServletTestExecutionListener.activateListener' -> true]], class annotated with @DirtiesContext [false] with mode [null].

  .   ____          _            __ _ _
 /\\ / ___'_ __ _ _(_)_ __  __ _ \ \ \ \
( ( )\___ | '_ | '_| | '_ \/ _` | \ \ \ \
 \\/  ___)| |_)| | | | | || (_| |  ) ) ) )
  '  |____| .__|_| |_|_| |_\__, | / / / /
 =========|_|==============|___/=/_/_/_/
 :: Spring Boot ::                (v2.6.3)

2022-01-31 10:31:57.533  INFO 3304 --- [    Test worker] c.e.t.TestingDemoApplicationTests        : Starting TestingDemoApplicationTests using Java 11.0.9 on Shaxzod with PID 3304 (started by hp in D:\SHAXZOD\Programmist\projects\Testing demo)
2022-01-31 10:31:57.534  INFO 3304 --- [    Test worker] c.e.t.TestingDemoApplicationTests        : No active profile set, falling back to default profiles: default
2022-01-31 10:31:58.620  INFO 3304 --- [    Test worker] .s.d.r.c.RepositoryConfigurationDelegate : Bootstrapping Spring Data JPA repositories in DEFAULT mode.
2022-01-31 10:31:58.637  INFO 3304 --- [    Test worker] .s.d.r.c.RepositoryConfigurationDelegate : Finished Spring Data repository scanning in 7 ms. Found 0 JPA repository interfaces.
2022-01-31 10:31:59.662  INFO 3304 --- [    Test worker] o.hibernate.jpa.internal.util.LogHelper  : HHH000204: Processing PersistenceUnitInfo [name: default]
2022-01-31 10:31:59.812  INFO 3304 --- [    Test worker] org.hibernate.Version                    : HHH000412: Hibernate ORM core version 5.6.4.Final
2022-01-31 10:32:00.224  INFO 3304 --- [    Test worker] o.hibernate.annotations.common.Version   : HCANN000001: Hibernate Commons Annotations {5.1.2.Final}
2022-01-31 10:32:00.432  INFO 3304 --- [    Test worker] com.zaxxer.hikari.HikariDataSource       : HikariPool-1 - Starting...
2022-01-31 10:32:00.623  INFO 3304 --- [    Test worker] com.zaxxer.hikari.HikariDataSource       : HikariPool-1 - Start completed.
2022-01-31 10:32:00.652  INFO 3304 --- [    Test worker] org.hibernate.dialect.Dialect            : HHH000400: Using dialect: org.hibernate.dialect.PostgreSQL10Dialect
2022-01-31 10:32:00.989  INFO 3304 --- [    Test worker] o.h.e.t.j.p.i.JtaPlatformInitiator       : HHH000490: Using JtaPlatform implementation: [org.hibernate.engine.transaction.jta.platform.internal.NoJtaPlatform]
2022-01-31 10:32:01.005  INFO 3304 --- [    Test worker] j.LocalContainerEntityManagerFactoryBean : Initialized JPA EntityManagerFactory for persistence unit 'default'
2022-01-31 10:32:01.309  WARN 3304 --- [    Test worker] JpaBaseConfiguration$JpaWebConfiguration : spring.jpa.open-in-view is enabled by default. Therefore, database queries may be performed during view rendering. Explicitly configure spring.jpa.open-in-view to disable this warning
2022-01-31 10:32:01.876  INFO 3304 --- [    Test worker] c.e.t.TestingDemoApplicationTests        : Started TestingDemoApplicationTests in 4.779 seconds (JVM running for 6.923)
]]></system-out>
  <system-err><![CDATA[]]></system-err>
</testsuite>
